# JRE version: Java(TM) SE Runtime Environment 18.9 (11.0.13+10) (build 11.0.13+10-LTS-370)
# Java VM: Java HotSpot(TM) 64-Bit Server VM 18.9 (11.0.13+10-LTS-370, mixed mode, tiered, compressed oops, g1 gc, windows-amd64)
Heap:
 garbage-first heap   total 131072K, used 6595K [0x0000000080000000, 0x0000000100000000)
  region size 1024K, 2 young (2048K), 2 survivors (2048K)
 Metaspace       used 12038K, capacity 12342K, committed 12416K, reserved 1060864K
  class space    used 1282K, capacity 1407K, committed 1408K, reserved 1048576K
GC Heap History (6 events):
Event: 0.431 GC heap before
{Heap before GC invocations=0 (full 0):
 garbage-first heap   total 131072K, used 7168K [0x0000000080000000, 0x0000000100000000)
  region size 1024K, 7 young (7168K), 0 survivors (0K)
 Metaspace       used 5825K, capacity 5886K, committed 6016K, reserved 1056768K
  class space    used 515K, capacity 535K, committed 640K, reserved 1048576K
}
Event: 0.434 GC heap after
{Heap after GC invocations=1 (full 0):
 garbage-first heap   total 131072K, used 2626K [0x0000000080000000, 0x0000000100000000)
  region size 1024K, 1 young (1024K), 1 survivors (1024K)
 Metaspace       used 5825K, capacity 5886K, committed 6016K, reserved 1056768K
  class space    used 515K, capacity 535K, committed 640K, reserved 1048576K
}
Event: 0.495 GC heap before
{Heap before GC invocations=1 (full 0):
 garbage-first heap   total 131072K, used 7746K [0x0000000080000000, 0x0000000100000000)
  region size 1024K, 6 young (6144K), 1 survivors (1024K)
 Metaspace       used 5825K, capacity 5886K, committed 6016K, reserved 1056768K
  class space    used 515K, capacity 535K, committed 640K, reserved 1048576K
}
Event: 0.500 GC heap after
{Heap after GC invocations=2 (full 0):
 garbage-first heap   total 131072K, used 4637K [0x0000000080000000, 0x0000000100000000)
  region size 1024K, 1 young (1024K), 1 survivors (1024K)
 Metaspace       used 5825K, capacity 5886K, committed 6016K, reserved 1056768K
  class space    used 515K, capacity 535K, committed 640K, reserved 1048576K
}
Event: 1.062 GC heap before
{Heap before GC invocations=2 (full 0):
 garbage-first heap   total 131072K, used 14877K [0x0000000080000000, 0x0000000100000000)
  region size 1024K, 12 young (12288K), 1 survivors (1024K)
 Metaspace       used 12038K, capacity 12342K, committed 12416K, reserved 1060864K
  class space    used 1282K, capacity 1407K, committed 1408K, reserved 1048576K
}
Event: 1.077 GC heap after
{Heap after GC invocations=3 (full 0):
 garbage-first heap   total 131072K, used 6595K [0x0000000080000000, 0x0000000100000000)
  region size 1024K, 2 young (2048K), 2 survivors (2048K)
 Metaspace       used 12038K, capacity 12342K, committed 12416K, reserved 1060864K
  class space    used 1282K, capacity 1407K, committed 1408K, reserved 1048576K
}

